<?xml version="1.0" encoding="UTF-8"?>
<testsuite name="com.group.libraryapp.calculator.JunitCalculatorTest" tests="5" skipped="0" failures="0" errors="0" timestamp="2022-12-17T11:57:15" hostname="idong-gon-ui-MacBookAir.local" time="0.015">
  <properties/>
  <testcase name="divideTest()" classname="com.group.libraryapp.calculator.JunitCalculatorTest" time="0.002"/>
  <testcase name="addTest()" classname="com.group.libraryapp.calculator.JunitCalculatorTest" time="0.003"/>
  <testcase name="multiplyTest()" classname="com.group.libraryapp.calculator.JunitCalculatorTest" time="0.002"/>
  <testcase name="divideExceptionTest()" classname="com.group.libraryapp.calculator.JunitCalculatorTest" time="0.002"/>
  <testcase name="minusTest()" classname="com.group.libraryapp.calculator.JunitCalculatorTest" time="0.0"/>
  <system-out><![CDATA[]]></system-out>
  <system-err><![CDATA[]]></system-err>
</testsuite>
